<?xml version="1.0" encoding="UTF-8"?>
<testsuite name="com.program4.www.program4.AppTest" tests="1" skipped="0" failures="0" errors="0" timestamp="2025-03-25T10:06:41" hostname="DESKTOP-0MJ7IVR" time="0.007">
  <properties/>
  <testcase name="testApp" classname="com.program4.www.program4.AppTest" time="0.007"/>
  <system-out><![CDATA[]]></system-out>
  <system-err><![CDATA[]]></system-err>
</testsuite>
